#
# A fatal error has been detected by the Java Runtime Environment:
#
#  SIGBUS (0xa) at pc=0x0000000104f7b016, pid=2022, tid=3587
#
# JRE version: Java(TM) SE Runtime Environment (7.0_80-b15) (build 1.7.0_80-b15)
# Java VM: Java HotSpot(TM) 64-Bit Server VM (24.80-b11 mixed mode bsd-amd64 compressed oops)
# Problematic frame:
# C  [libzip.dylib+0x3016]  newEntry+0x154
#
# Failed to write core dump. Core dumps have been disabled. To enable core dumping, try "ulimit -c unlimited" before starting Java again
#
# If you would like to submit a bug report, please visit:
#   http://bugreport.java.com/bugreport/crash.jsp
# The crash happened outside the Java Virtual Machine in native code.
# See problematic frame for where to report the bug.
#

---------------  T H R E A D  ---------------

Current thread (0x00007fdeb5806800):  JavaThread "main" [_thread_in_native, id=3587, stack(0x0000700000374000,0x0000700000474000)]

siginfo:si_signo=SIGBUS: si_errno=0, si_code=2 (BUS_ADRERR), si_addr=0x00000001104a4356

Registers:
RAX=0x00007fdeb472bc70, RBX=0x00000001104a434a, RCX=0x0000000000000001, RDX=0x0000000000000000
RSP=0x0000700000473530, RBP=0x0000700000473590, RSI=0x0000000000000048, RDI=0x000000010446b000
R8 =0x0000000000000048, R9 =0x00007fdeb460fd30, R10=0x0000000106b8772c, R11=0x00000001049440f3
R12=0x0000000000000000, R13=0x000000077b02daa0, R14=0x00007fdeb472bc70, R15=0x00007fdeb5806800
RIP=0x0000000104f7b016, EFLAGS=0x0000000000010202, ERR=0x0000000000000004
  TRAPNO=0x000000000000000e

Top of Stack: (sp=0x0000700000473530)
0x0000700000473530:   00000007d5662960 00000001d5662a88
0x0000700000473540:   000000002f2dacac 00000007d56629d0
0x0000700000473550:   0000700000473570 00007fdeb472bc70
0x0000700000473560:   00007fdeb460fd30 0000000000000010
0x0000700000473570:   0000000000000000 000000077b02daa0
0x0000700000473580:   00007fdeb472bc70 00007fdeb5806800
0x0000700000473590:   00007000004735b0 0000000104f7b5ca
0x00007000004735a0:   000000077b02daa0 0000700000473660
0x00007000004735b0:   00007000004735c0 0000000104f7a3e0
0x00007000004735c0:   0000700000473630 0000000106b87758
0x00007000004735d0:   0000000000000000 00007000004735f0
0x00007000004735e0:   0000700000473670 0000000106b7b058
0x00007000004735f0:   00007000004735f0 0000000000000000
0x0000700000473600:   0000700000473660 000000077b02fe28
0x0000700000473610:   0000000000000000 000000077b02daa0
0x0000700000473620:   0000000000000000 0000700000473650
0x0000700000473630:   00007000004736a8 0000000106b7b175
0x0000700000473640:   0000000780013730 0000000106b83cd7
0x0000700000473650:   0000000000000010 00007fdeb472bc70
0x0000700000473660:   00007000004736b8 0000700000473668
0x0000700000473670:   000000077b02f122 00007000004736c8
0x0000700000473680:   000000077b02fe28 0000000000000000
0x0000700000473690:   000000077b02f130 0000700000473650
0x00007000004736a0:   00007000004736b8 0000700000473720
0x00007000004736b0:   0000000106b7b175 0000000000000010
0x00007000004736c0:   00007fdeb472bc70 00000007d55b5fa0
0x00007000004736d0:   0000000000000001 00000007d55b5fa0
0x00007000004736e0:   00007000004736d0 000000077b3c23e6
0x00007000004736f0:   0000700000473758 000000077b3c2890
0x0000700000473700:   0000000000000000 000000077b3c24b0
0x0000700000473710:   00007000004736b8 0000700000473758
0x0000700000473720:   00007000004737a0 0000000106b7b233 

Instructions: (pc=0x0000000104f7b016)
0x0000000104f7aff6:   49 8b 7f 38 e8 9b 1a 00 00 4d 89 77 38 49 89 5f
0x0000000104f7b006:   40 4c 89 f0 48 85 c0 0f 84 16 05 00 00 48 89 c3
0x0000000104f7b016:   0f b6 43 0c 0f b6 4b 0d 48 c1 e1 08 48 01 c1 0f
0x0000000104f7b026:   b6 43 0e 0f b6 53 0f 48 c1 e2 08 48 01 c2 48 c1 

Register to memory mapping:

RAX=0x00007fdeb472bc70 is an unknown value
RBX=0x00000001104a434a is an unknown value
RCX=0x0000000000000001 is an unknown value
RDX=0x0000000000000000 is an unknown value
RSP=0x0000700000473530 is pointing into the stack for thread: 0x00007fdeb5806800
RBP=0x0000700000473590 is pointing into the stack for thread: 0x00007fdeb5806800
RSI=0x0000000000000048 is an unknown value
RDI=0x000000010446b000 is an unknown value
R8 =0x0000000000000048 is an unknown value
R9 =0x00007fdeb460fd30 is an unknown value
R10=0x0000000106b8772c is at code_begin+620 in an Interpreter codelet
method entry point (kind = native)  [0x0000000106b874c0, 0x0000000106b87d00]  2112 bytes
R11=0x00000001049440f3: throw_unsatisfied_link_error+0 in /Library/Java/JavaVirtualMachines/jdk1.7.0_80.jdk/Contents/Home/jre/lib/server/libjvm.dylib at 0x00000001044cc000
R12=0x0000000000000000 is an unknown value
R13=0x000000077b02daa0 is an oop
{method} 
 - klass: {other class}
R14=0x00007fdeb472bc70 is an unknown value
R15=0x00007fdeb5806800 is a thread


Stack: [0x0000700000374000,0x0000700000474000],  sp=0x0000700000473530,  free space=1021k
Native frames: (J=compiled Java code, j=interpreted, Vv=VM code, C=native code)
C  [libzip.dylib+0x3016]  newEntry+0x154
C  [libzip.dylib+0x35ca]  ZIP_GetNextEntry+0x37
C  [libzip.dylib+0x23e0]  Java_java_util_zip_ZipFile_getNextEntry+0xe
j  java.util.zip.ZipFile.getNextEntry(JI)J+0
j  java.util.zip.ZipFile.access$500(JI)J+2
j  java.util.zip.ZipFile$1.nextElement()Ljava/util/zip/ZipEntry;+54
j  java.util.zip.ZipFile$1.nextElement()Ljava/lang/Object;+1
j  sun.security.tools.JarSigner.signJar(Ljava/lang/String;Ljava/lang/String;[Ljava/lang/String;)V+701
j  sun.security.tools.JarSigner.run([Ljava/lang/String;)V+317
j  sun.security.tools.JarSigner.main([Ljava/lang/String;)V+10
v  ~StubRoutines::call_stub
V  [libjvm.dylib+0x2dc898]  JavaCalls::call_helper(JavaValue*, methodHandle*, JavaCallArguments*, Thread*)+0x22a
V  [libjvm.dylib+0x2dc668]  JavaCalls::call(JavaValue*, methodHandle, JavaCallArguments*, Thread*)+0x28
V  [libjvm.dylib+0x31004e]  jni_invoke_static(JNIEnv_*, JavaValue*, _jobject*, JNICallType, _jmethodID*, JNI_ArgumentPusher*, Thread*)+0xe6
V  [libjvm.dylib+0x3091e9]  jni_CallStaticVoidMethod+0x10b
C  [jarsigner+0x30be]  JavaMain+0x91d
C  [libsystem_pthread.dylib+0x3aab]  _pthread_body+0xb4
C  [libsystem_pthread.dylib+0x39f7]  _pthread_body+0x0
C  [libsystem_pthread.dylib+0x3221]  thread_start+0xd

Java frames: (J=compiled Java code, j=interpreted, Vv=VM code)
j  java.util.zip.ZipFile.getNextEntry(JI)J+0
j  java.util.zip.ZipFile.access$500(JI)J+2
j  java.util.zip.ZipFile$1.nextElement()Ljava/util/zip/ZipEntry;+54
j  java.util.zip.ZipFile$1.nextElement()Ljava/lang/Object;+1
j  sun.security.tools.JarSigner.signJar(Ljava/lang/String;Ljava/lang/String;[Ljava/lang/String;)V+701
j  sun.security.tools.JarSigner.run([Ljava/lang/String;)V+317
j  sun.security.tools.JarSigner.main([Ljava/lang/String;)V+10
v  ~StubRoutines::call_stub

---------------  P R O C E S S  ---------------

Java Threads: ( => current thread )
  0x00007fdeb4803000 JavaThread "Service Thread" daemon [_thread_blocked, id=18179, stack(0x000070000101e000,0x000070000111e000)]
  0x00007fdeb5016000 JavaThread "C2 CompilerThread1" daemon [_thread_blocked, id=17667, stack(0x0000700000f1b000,0x000070000101b000)]
  0x00007fdeb5014800 JavaThread "C2 CompilerThread0" daemon [_thread_blocked, id=17155, stack(0x0000700000e18000,0x0000700000f18000)]
  0x00007fdeb6037000 JavaThread "Signal Dispatcher" daemon [_thread_blocked, id=16643, stack(0x0000700000d15000,0x0000700000e15000)]
  0x00007fdeb5007000 JavaThread "Finalizer" daemon [_thread_blocked, id=12291, stack(0x0000700000b8f000,0x0000700000c8f000)]
  0x00007fdeb6006000 JavaThread "Reference Handler" daemon [_thread_blocked, id=11779, stack(0x0000700000a8c000,0x0000700000b8c000)]
=>0x00007fdeb5806800 JavaThread "main" [_thread_in_native, id=3587, stack(0x0000700000374000,0x0000700000474000)]

Other Threads:
  0x00007fdeb5006800 VMThread [stack: 0x0000700000989000,0x0000700000a89000] [id=11267]
  0x00007fdeb501e800 WatcherThread [stack: 0x0000700001121000,0x0000700001221000] [id=18691]

VM state:not at safepoint (normal execution)

VM Mutex/Monitor currently owned by a thread: None

Heap
 PSYoungGen      total 3584K, used 1939K [0x00000007d5500000, 0x00000007d5c00000, 0x0000000800000000)
  eden space 3072K, 47% used [0x00000007d5500000,0x00000007d566cd58,0x00000007d5800000)
  from space 512K, 93% used [0x00000007d5880000,0x00000007d58f8020,0x00000007d5900000)
  to   space 512K, 0% used [0x00000007d5800000,0x00000007d5800000,0x00000007d5880000)
 ParOldGen       total 5632K, used 1446K [0x0000000780000000, 0x0000000780580000, 0x00000007d5500000)
  object space 5632K, 25% used [0x0000000780000000,0x0000000780169870,0x0000000780580000)
 PSPermGen       total 21504K, used 5904K [0x000000077ae00000, 0x000000077c300000, 0x0000000780000000)
  object space 21504K, 27% used [0x000000077ae00000,0x000000077b3c4280,0x000000077c300000)

Card table byte_map: [0x0000000105a00000,0x0000000105e2a000] byte_map_base: 0x0000000101e29000

Polling page: 0x0000000104f6e000

Code Cache  [0x0000000106b75000, 0x0000000106de5000, 0x0000000109b75000)
 total_blobs=298 nmethods=52 adapters=201 free_code_cache=48655Kb largest_free_block=49813760

Compilation events (10 events):
Event: 0.726 Thread 0x00007fdeb5016000   48             java.io.ByteArrayInputStream::mark (9 bytes)
Event: 0.726 Thread 0x00007fdeb5016000 nmethod 48 0x0000000106beb950 code [0x0000000106beba80, 0x0000000106bebad8]
Event: 0.729 Thread 0x00007fdeb5016000   49  s          java.io.ByteArrayInputStream::read (36 bytes)
Event: 0.731 Thread 0x00007fdeb5016000 nmethod 49 0x0000000106be3a90 code [0x0000000106be3be0, 0x0000000106be3e58]
Event: 0.736 Thread 0x00007fdeb5014800   50 %           java.math.BigInteger::stripLeadingZeroBytes @ 86 (132 bytes)
Event: 0.742 Thread 0x00007fdeb5014800 nmethod 50% 0x0000000106beded0 code [0x0000000106bee040, 0x0000000106bee398]
Event: 0.746 Thread 0x00007fdeb5016000   51             java.math.BigInteger::stripLeadingZeroBytes (132 bytes)
Event: 0.754 Thread 0x00007fdeb5016000 nmethod 51 0x0000000106bed7d0 code [0x0000000106bed920, 0x0000000106bedcd8]
Event: 0.785 Thread 0x00007fdeb5014800   52             sun.security.util.DerInputStream::getLength (125 bytes)
Event: 0.792 Thread 0x00007fdeb5014800 nmethod 52 0x0000000106becd90 code [0x0000000106becf00, 0x0000000106bed4f8]

GC Heap History (4 events):
Event: 0.531 GC heap before
{Heap before GC invocations=1 (full 0):
 PSYoungGen      total 3584K, used 3072K [0x00000007d5500000, 0x00000007d5900000, 0x0000000800000000)
  eden space 3072K, 100% used [0x00000007d5500000,0x00000007d5800000,0x00000007d5800000)
  from space 512K, 0% used [0x00000007d5880000,0x00000007d5880000,0x00000007d5900000)
  to   space 512K, 0% used [0x00000007d5800000,0x00000007d5800000,0x00000007d5880000)
 ParOldGen       total 5632K, used 0K [0x0000000780000000, 0x0000000780580000, 0x00000007d5500000)
  object space 5632K, 0% used [0x0000000780000000,0x0000000780000000,0x0000000780580000)
 PSPermGen       total 21504K, used 4696K [0x000000077ae00000, 0x000000077c300000, 0x0000000780000000)
  object space 21504K, 21% used [0x000000077ae00000,0x000000077b2960a0,0x000000077c300000)
Event: 0.536 GC heap after
Heap after GC invocations=1 (full 0):
 PSYoungGen      total 3584K, used 487K [0x00000007d5500000, 0x00000007d5900000, 0x0000000800000000)
  eden space 3072K, 0% used [0x00000007d5500000,0x00000007d5500000,0x00000007d5800000)
  from space 512K, 95% used [0x00000007d5800000,0x00000007d5879f70,0x00000007d5880000)
  to   space 512K, 0% used [0x00000007d5880000,0x00000007d5880000,0x00000007d5900000)
 ParOldGen       total 5632K, used 756K [0x0000000780000000, 0x0000000780580000, 0x00000007d5500000)
  object space 5632K, 13% used [0x0000000780000000,0x00000007800bd2f8,0x0000000780580000)
 PSPermGen       total 21504K, used 4696K [0x000000077ae00000, 0x000000077c300000, 0x0000000780000000)
  object space 21504K, 21% used [0x000000077ae00000,0x000000077b2960a0,0x000000077c300000)
}
Event: 0.743 GC heap before
{Heap before GC invocations=2 (full 0):
 PSYoungGen      total 3584K, used 3559K [0x00000007d5500000, 0x00000007d5900000, 0x0000000800000000)
  eden space 3072K, 100% used [0x00000007d5500000,0x00000007d5800000,0x00000007d5800000)
  from space 512K, 95% used [0x00000007d5800000,0x00000007d5879f70,0x00000007d5880000)
  to   space 512K, 0% used [0x00000007d5880000,0x00000007d5880000,0x00000007d5900000)
 ParOldGen       total 5632K, used 756K [0x0000000780000000, 0x0000000780580000, 0x00000007d5500000)
  object space 5632K, 13% used [0x0000000780000000,0x00000007800bd2f8,0x0000000780580000)
 PSPermGen       total 21504K, used 5239K [0x000000077ae00000, 0x000000077c300000, 0x0000000780000000)
  object space 21504K, 24% used [0x000000077ae00000,0x000000077b31dc80,0x000000077c300000)
Event: 0.745 GC heap after
Heap after GC invocations=2 (full 0):
 PSYoungGen      total 3584K, used 480K [0x00000007d5500000, 0x00000007d5c00000, 0x0000000800000000)
  eden space 3072K, 0% used [0x00000007d5500000,0x00000007d5500000,0x00000007d5800000)
  from space 512K, 93% used [0x00000007d5880000,0x00000007d58f8020,0x00000007d5900000)
  to   space 512K, 0% used [0x00000007d5800000,0x00000007d5800000,0x00000007d5880000)
 ParOldGen       total 5632K, used 1446K [0x0000000780000000, 0x0000000780580000, 0x00000007d5500000)
  object space 5632K, 25% used [0x0000000780000000,0x0000000780169870,0x0000000780580000)
 PSPermGen       total 21504K, used 5239K [0x000000077ae00000, 0x000000077c300000, 0x0000000780000000)
  object space 21504K, 24% used [0x000000077ae00000,0x000000077b31dc80,0x000000077c300000)
}

Deoptimization events (10 events):
Event: 0.294 Thread 0x00007fdeb5806800 Uncommon trap: reason=class_check action=maybe_recompile pc=0x0000000106bd9560 method=java.io.DataInputStream.readChar()C @ 4
Event: 0.345 Thread 0x00007fdeb5806800 Uncommon trap: reason=unstable_if action=reinterpret pc=0x0000000106bdacf4 method=sun.text.normalizer.Trie.getCodePointOffset(I)I @ 23
Event: 0.438 Thread 0x00007fdeb5806800 Uncommon trap: reason=unstable_if action=reinterpret pc=0x0000000106bd5d40 method=java.lang.String.indexOf(II)I @ 49
Event: 0.459 Thread 0x00007fdeb5806800 Uncommon trap: reason=class_check action=maybe_recompile pc=0x0000000106bdb6e0 method=java.io.DataInputStream.readInt()I @ 4
Event: 0.459 Thread 0x00007fdeb5806800 Uncommon trap: reason=class_check action=maybe_recompile pc=0x0000000106bdb6e0 method=java.io.DataInputStream.readInt()I @ 4
Event: 0.459 Thread 0x00007fdeb5806800 Uncommon trap: reason=class_check action=maybe_recompile pc=0x0000000106bdb6e0 method=java.io.DataInputStream.readInt()I @ 4
Event: 0.459 Thread 0x00007fdeb5806800 Uncommon trap: reason=class_check action=maybe_recompile pc=0x0000000106bdb6e0 method=java.io.DataInputStream.readInt()I @ 4
Event: 0.571 Thread 0x00007fdeb5806800 Uncommon trap: reason=unstable_if action=reinterpret pc=0x0000000106bdfac8 method=java.io.ByteArrayInputStream.read()I @ 8
Event: 0.705 Thread 0x00007fdeb5806800 Uncommon trap: reason=unstable_if action=reinterpret pc=0x0000000106beff78 method=java.math.BigInteger.stripLeadingZeroBytes([B)[I @ 7
Event: 0.805 Thread 0x00007fdeb5806800 Uncommon trap: reason=unstable_if action=reinterpret pc=0x0000000106bea4d8 method=java.lang.String.toLowerCase(Ljava/util/Locale;)Ljava/lang/String; @ 85

Internal exceptions (10 events):
Event: 0.208 Thread 0x00007fdeb5806800 Threw 0x00000007d55a8040 at /Users/java_re/workspace/7u-2-build-macosx-x86_64/jdk7u80/2329/hotspot/src/share/vm/prims/jvm.cpp:1319
Event: 0.208 Thread 0x00007fdeb5806800 Threw 0x00000007d55a8290 at /Users/java_re/workspace/7u-2-build-macosx-x86_64/jdk7u80/2329/hotspot/src/share/vm/prims/jvm.cpp:1319
Event: 0.212 Thread 0x00007fdeb5806800 Threw 0x00000007d55bd6d8 at /Users/java_re/workspace/7u-2-build-macosx-x86_64/jdk7u80/2329/hotspot/src/share/vm/prims/jvm.cpp:1319
Event: 0.212 Thread 0x00007fdeb5806800 Threw 0x00000007d55bd800 at /Users/java_re/workspace/7u-2-build-macosx-x86_64/jdk7u80/2329/hotspot/src/share/vm/prims/jvm.cpp:1319
Event: 0.213 Thread 0x00007fdeb5806800 Threw 0x00000007d55c1160 at /Users/java_re/workspace/7u-2-build-macosx-x86_64/jdk7u80/2329/hotspot/src/share/vm/prims/jvm.cpp:1319
Event: 0.213 Thread 0x00007fdeb5806800 Threw 0x00000007d55c1288 at /Users/java_re/workspace/7u-2-build-macosx-x86_64/jdk7u80/2329/hotspot/src/share/vm/prims/jvm.cpp:1319
Event: 0.214 Thread 0x00007fdeb5806800 Threw 0x00000007d55c26d0 at /Users/java_re/workspace/7u-2-build-macosx-x86_64/jdk7u80/2329/hotspot/src/share/vm/prims/jvm.cpp:1319
Event: 0.214 Thread 0x00007fdeb5806800 Threw 0x00000007d55c2bb0 at /Users/java_re/workspace/7u-2-build-macosx-x86_64/jdk7u80/2329/hotspot/src/share/vm/prims/jvm.cpp:1319
Event: 0.399 Thread 0x00007fdeb5806800 Threw 0x00000007d569cd68 at /Users/java_re/workspace/7u-2-build-macosx-x86_64/jdk7u80/2329/hotspot/src/share/vm/prims/jvm.cpp:1319
Event: 0.399 Thread 0x00007fdeb5806800 Threw 0x00000007d569d1d8 at /Users/java_re/workspace/7u-2-build-macosx-x86_64/jdk7u80/2329/hotspot/src/share/vm/prims/jvm.cpp:1319

Events (10 events):
Event: 0.878 loading class 0x00007fdeb484b920
Event: 0.878 loading class 0x00007fdeb484b920 done
Event: 0.879 loading class 0x00007fdeb484b950
Event: 0.879 loading class 0x00007fdeb58fae30
Event: 0.879 loading class 0x00007fdeb58fae30 done
Event: 0.879 loading class 0x00007fdeb484b950 done
Event: 0.880 loading class 0x0000000105114a80
Event: 0.880 loading class 0x0000000105114a80 done
Event: 0.889 loading class 0x0000000105116970
Event: 0.889 loading class 0x0000000105116970 done


Dynamic libraries:
0x0000000052703000 	/System/Library/Frameworks/Cocoa.framework/Versions/A/Cocoa
0x0000000052703000 	/System/Library/Frameworks/Security.framework/Versions/A/Security
0x0000000052703000 	/System/Library/Frameworks/ApplicationServices.framework/Versions/A/ApplicationServices
0x0000000052703000 	/usr/lib/libz.1.dylib
0x0000000052703000 	/usr/lib/libSystem.B.dylib
0x0000000052703000 	/usr/lib/libobjc.A.dylib
0x0000000052703000 	/System/Library/Frameworks/CoreFoundation.framework/Versions/A/CoreFoundation
0x0000000052703000 	/System/Library/Frameworks/Foundation.framework/Versions/C/Foundation
0x0000000052703000 	/System/Library/Frameworks/AppKit.framework/Versions/C/AppKit
0x0000000052703000 	/System/Library/Frameworks/CoreData.framework/Versions/A/CoreData
0x0000000052703000 	/System/Library/PrivateFrameworks/RemoteViewServices.framework/Versions/A/RemoteViewServices
0x0000000052703000 	/System/Library/PrivateFrameworks/UIFoundation.framework/Versions/A/UIFoundation
0x0000000052703000 	/System/Library/PrivateFrameworks/DFRFoundation.framework/Versions/A/DFRFoundation
0x0000000052703000 	/usr/lib/libenergytrace.dylib
0x0000000052703000 	/System/Library/PrivateFrameworks/SkyLight.framework/Versions/A/SkyLight
0x0000000052703000 	/System/Library/Frameworks/CoreGraphics.framework/Versions/A/CoreGraphics
0x0000000052703000 	/usr/lib/libScreenReader.dylib
0x0000000052703000 	/System/Library/Frameworks/Accelerate.framework/Versions/A/Accelerate
0x0000000052703000 	/System/Library/Frameworks/IOSurface.framework/Versions/A/IOSurface
0x0000000052703000 	/System/Library/Frameworks/AudioToolbox.framework/Versions/A/AudioToolbox
0x0000000052703000 	/System/Library/Frameworks/AudioUnit.framework/Versions/A/AudioUnit
0x0000000052703000 	/System/Library/PrivateFrameworks/DataDetectorsCore.framework/Versions/A/DataDetectorsCore
0x0000000052703000 	/System/Library/PrivateFrameworks/DesktopServicesPriv.framework/Versions/A/DesktopServicesPriv
0x0000000052703000 	/System/Library/Frameworks/Carbon.framework/Versions/A/Frameworks/HIToolbox.framework/Versions/A/HIToolbox
0x0000000052703000 	/usr/lib/libicucore.A.dylib
0x0000000052703000 	/System/Library/Frameworks/QuartzCore.framework/Versions/A/QuartzCore
0x0000000052703000 	/System/Library/Frameworks/Carbon.framework/Versions/A/Frameworks/SpeechRecognition.framework/Versions/A/SpeechRecognition
0x0000000052703000 	/usr/lib/libauto.dylib
0x0000000052703000 	/usr/lib/libxml2.2.dylib
0x0000000052703000 	/System/Library/PrivateFrameworks/CoreUI.framework/Versions/A/CoreUI
0x0000000052703000 	/System/Library/Frameworks/CoreAudio.framework/Versions/A/CoreAudio
0x0000000052703000 	/System/Library/Frameworks/DiskArbitration.framework/Versions/A/DiskArbitration
0x0000000052703000 	/usr/lib/liblangid.dylib
0x0000000052703000 	/System/Library/PrivateFrameworks/MultitouchSupport.framework/Versions/A/MultitouchSupport
0x0000000052703000 	/System/Library/Frameworks/IOKit.framework/Versions/A/IOKit
0x0000000052703000 	/usr/lib/libDiagnosticMessagesClient.dylib
0x0000000052703000 	/System/Library/Frameworks/CoreServices.framework/Versions/A/CoreServices
0x0000000052703000 	/System/Library/PrivateFrameworks/PerformanceAnalysis.framework/Versions/A/PerformanceAnalysis
0x0000000052703000 	/System/Library/PrivateFrameworks/GenerationalStorage.framework/Versions/A/GenerationalStorage
0x0000000052703000 	/System/Library/Frameworks/OpenGL.framework/Versions/A/OpenGL
0x0000000052703000 	/System/Library/Frameworks/CoreImage.framework/Versions/A/CoreImage
0x0000000052703000 	/System/Library/Frameworks/CoreText.framework/Versions/A/CoreText
0x0000000052703000 	/System/Library/Frameworks/ImageIO.framework/Versions/A/ImageIO
0x0000000052703000 	/System/Library/PrivateFrameworks/Backup.framework/Versions/A/Backup
0x0000000052703000 	/usr/lib/libarchive.2.dylib
0x0000000052703000 	/System/Library/Frameworks/CFNetwork.framework/Versions/A/CFNetwork
0x0000000052703000 	/System/Library/Frameworks/SystemConfiguration.framework/Versions/A/SystemConfiguration
0x0000000052703000 	/usr/lib/libCRFSuite.dylib
0x0000000052703000 	/usr/lib/libc++.1.dylib
0x0000000052703000 	/usr/lib/libc++abi.dylib
0x0000000052703000 	/usr/lib/system/libcache.dylib
0x0000000052703000 	/usr/lib/system/libcommonCrypto.dylib
0x0000000052703000 	/usr/lib/system/libcompiler_rt.dylib
0x0000000052703000 	/usr/lib/system/libcopyfile.dylib
0x0000000052703000 	/usr/lib/system/libcorecrypto.dylib
0x0000000052703000 	/usr/lib/system/libdispatch.dylib
0x0000000052703000 	/usr/lib/system/libdyld.dylib
0x0000000052703000 	/usr/lib/system/libkeymgr.dylib
0x0000000052703000 	/usr/lib/system/liblaunch.dylib
0x0000000052703000 	/usr/lib/system/libmacho.dylib
0x0000000052703000 	/usr/lib/system/libquarantine.dylib
0x0000000052703000 	/usr/lib/system/libremovefile.dylib
0x0000000052703000 	/usr/lib/system/libsystem_asl.dylib
0x0000000052703000 	/usr/lib/system/libsystem_blocks.dylib
0x0000000052703000 	/usr/lib/system/libsystem_c.dylib
0x0000000052703000 	/usr/lib/system/libsystem_configuration.dylib
0x0000000052703000 	/usr/lib/system/libsystem_coreservices.dylib
0x0000000052703000 	/usr/lib/system/libsystem_coretls.dylib
0x0000000052703000 	/usr/lib/system/libsystem_dnssd.dylib
0x0000000052703000 	/usr/lib/system/libsystem_info.dylib
0x0000000052703000 	/usr/lib/system/libsystem_kernel.dylib
0x0000000052703000 	/usr/lib/system/libsystem_m.dylib
0x0000000052703000 	/usr/lib/system/libsystem_malloc.dylib
0x0000000052703000 	/usr/lib/system/libsystem_network.dylib
0x0000000052703000 	/usr/lib/system/libsystem_networkextension.dylib
0x0000000052703000 	/usr/lib/system/libsystem_notify.dylib
0x0000000052703000 	/usr/lib/system/libsystem_platform.dylib
0x0000000052703000 	/usr/lib/system/libsystem_pthread.dylib
0x0000000052703000 	/usr/lib/system/libsystem_sandbox.dylib
0x0000000052703000 	/usr/lib/system/libsystem_secinit.dylib
0x0000000052703000 	/usr/lib/system/libsystem_symptoms.dylib
0x0000000052703000 	/usr/lib/system/libsystem_trace.dylib
0x0000000052703000 	/usr/lib/system/libunwind.dylib
0x0000000052703000 	/usr/lib/system/libxpc.dylib
0x0000000052703000 	/usr/lib/libbsm.0.dylib
0x0000000052703000 	/usr/lib/system/libkxld.dylib
0x0000000052703000 	/usr/lib/libcoretls.dylib
0x0000000052703000 	/usr/lib/libcoretls_cfhelpers.dylib
0x0000000052703000 	/usr/lib/libxar.1.dylib
0x0000000052703000 	/usr/lib/libsqlite3.dylib
0x0000000052703000 	/usr/lib/libpam.2.dylib
0x0000000052703000 	/usr/lib/libOpenScriptingUtil.dylib
0x0000000052703000 	/usr/lib/libbz2.1.0.dylib
0x0000000052703000 	/usr/lib/liblzma.5.dylib
0x0000000052703000 	/usr/lib/libnetwork.dylib
0x0000000052703000 	/usr/lib/libpcap.A.dylib
0x0000000052703000 	/System/Library/Frameworks/CoreServices.framework/Versions/A/Frameworks/FSEvents.framework/Versions/A/FSEvents
0x0000000052703000 	/System/Library/Frameworks/CoreServices.framework/Versions/A/Frameworks/CarbonCore.framework/Versions/A/CarbonCore
0x0000000052703000 	/System/Library/Frameworks/CoreServices.framework/Versions/A/Frameworks/Metadata.framework/Versions/A/Metadata
0x0000000052703000 	/System/Library/Frameworks/CoreServices.framework/Versions/A/Frameworks/OSServices.framework/Versions/A/OSServices
0x0000000052703000 	/System/Library/Frameworks/CoreServices.framework/Versions/A/Frameworks/SearchKit.framework/Versions/A/SearchKit
0x0000000052703000 	/System/Library/Frameworks/CoreServices.framework/Versions/A/Frameworks/AE.framework/Versions/A/AE
0x0000000052703000 	/System/Library/Frameworks/CoreServices.framework/Versions/A/Frameworks/LaunchServices.framework/Versions/A/LaunchServices
0x0000000052703000 	/System/Library/Frameworks/CoreServices.framework/Versions/A/Frameworks/DictionaryServices.framework/Versions/A/DictionaryServices
0x0000000052703000 	/System/Library/Frameworks/CoreServices.framework/Versions/A/Frameworks/SharedFileList.framework/Versions/A/SharedFileList
0x0000000052703000 	/System/Library/Frameworks/NetFS.framework/Versions/A/NetFS
0x0000000052703000 	/System/Library/PrivateFrameworks/NetAuth.framework/Versions/A/NetAuth
0x0000000052703000 	/System/Library/PrivateFrameworks/login.framework/Versions/A/Frameworks/loginsupport.framework/Versions/A/loginsupport
0x0000000052703000 	/System/Library/PrivateFrameworks/TCC.framework/Versions/A/TCC
0x0000000052703000 	/usr/lib/libmecabra.dylib
0x0000000052703000 	/System/Library/Frameworks/ApplicationServices.framework/Versions/A/Frameworks/ATS.framework/Versions/A/ATS
0x0000000052703000 	/System/Library/Frameworks/ApplicationServices.framework/Versions/A/Frameworks/ColorSync.framework/Versions/A/ColorSync
0x0000000052703000 	/System/Library/Frameworks/ApplicationServices.framework/Versions/A/Frameworks/HIServices.framework/Versions/A/HIServices
0x0000000052703000 	/System/Library/Frameworks/ApplicationServices.framework/Versions/A/Frameworks/LangAnalysis.framework/Versions/A/LangAnalysis
0x0000000052703000 	/System/Library/Frameworks/ApplicationServices.framework/Versions/A/Frameworks/PrintCore.framework/Versions/A/PrintCore
0x0000000052703000 	/System/Library/Frameworks/ApplicationServices.framework/Versions/A/Frameworks/QD.framework/Versions/A/QD
0x0000000052703000 	/System/Library/Frameworks/ApplicationServices.framework/Versions/A/Frameworks/SpeechSynthesis.framework/Versions/A/SpeechSynthesis
0x0000000052703000 	/System/Library/Frameworks/Accelerate.framework/Versions/A/Frameworks/vImage.framework/Versions/A/vImage
0x0000000052703000 	/System/Library/Frameworks/Accelerate.framework/Versions/A/Frameworks/vecLib.framework/Versions/A/vecLib
0x0000000052703000 	/System/Library/Frameworks/Accelerate.framework/Versions/A/Frameworks/vecLib.framework/Versions/A/libvDSP.dylib
0x0000000052703000 	/System/Library/Frameworks/Accelerate.framework/Versions/A/Frameworks/vecLib.framework/Versions/A/libBNNS.dylib
0x0000000052703000 	/System/Library/Frameworks/Accelerate.framework/Versions/A/Frameworks/vecLib.framework/Versions/A/libQuadrature.dylib
0x0000000052703000 	/System/Library/Frameworks/Accelerate.framework/Versions/A/Frameworks/vecLib.framework/Versions/A/libvMisc.dylib
0x0000000052703000 	/System/Library/Frameworks/Accelerate.framework/Versions/A/Frameworks/vecLib.framework/Versions/A/libLAPACK.dylib
0x0000000052703000 	/System/Library/Frameworks/Accelerate.framework/Versions/A/Frameworks/vecLib.framework/Versions/A/libBLAS.dylib
0x0000000052703000 	/System/Library/Frameworks/Accelerate.framework/Versions/A/Frameworks/vecLib.framework/Versions/A/libLinearAlgebra.dylib
0x0000000052703000 	/System/Library/Frameworks/Accelerate.framework/Versions/A/Frameworks/vecLib.framework/Versions/A/libSparseBLAS.dylib
0x0000000052703000 	/System/Library/Frameworks/ApplicationServices.framework/Versions/A/Frameworks/ATS.framework/Versions/A/Resources/libFontParser.dylib
0x0000000052703000 	/System/Library/Frameworks/ApplicationServices.framework/Versions/A/Frameworks/ATS.framework/Versions/A/Resources/libFontRegistry.dylib
0x0000000052703000 	/System/Library/Frameworks/ImageIO.framework/Versions/A/Resources/libJPEG.dylib
0x0000000052703000 	/System/Library/Frameworks/ImageIO.framework/Versions/A/Resources/libTIFF.dylib
0x0000000052703000 	/System/Library/Frameworks/ImageIO.framework/Versions/A/Resources/libPng.dylib
0x0000000052703000 	/System/Library/Frameworks/ImageIO.framework/Versions/A/Resources/libGIF.dylib
0x0000000052703000 	/System/Library/Frameworks/ImageIO.framework/Versions/A/Resources/libJP2.dylib
0x0000000052703000 	/System/Library/Frameworks/ImageIO.framework/Versions/A/Resources/libRadiance.dylib
0x0000000052703000 	/usr/lib/libcompression.dylib
0x0000000052703000 	/System/Library/PrivateFrameworks/AppleJPEG.framework/Versions/A/AppleJPEG
0x0000000052703000 	/usr/lib/libcups.2.dylib
0x0000000052703000 	/System/Library/Frameworks/Kerberos.framework/Versions/A/Kerberos
0x0000000052703000 	/System/Library/Frameworks/GSS.framework/Versions/A/GSS
0x0000000052703000 	/usr/lib/libresolv.9.dylib
0x0000000052703000 	/usr/lib/libiconv.2.dylib
0x0000000052703000 	/System/Library/PrivateFrameworks/Heimdal.framework/Versions/A/Heimdal
0x0000000052703000 	/usr/lib/libheimdal-asn1.dylib
0x0000000052703000 	/System/Library/Frameworks/OpenDirectory.framework/Versions/A/OpenDirectory
0x0000000052703000 	/System/Library/PrivateFrameworks/CommonAuth.framework/Versions/A/CommonAuth
0x0000000052703000 	/System/Library/Frameworks/OpenDirectory.framework/Versions/A/Frameworks/CFOpenDirectory.framework/Versions/A/CFOpenDirectory
0x0000000052703000 	/System/Library/Frameworks/SecurityFoundation.framework/Versions/A/SecurityFoundation
0x0000000052703000 	/System/Library/PrivateFrameworks/LanguageModeling.framework/Versions/A/LanguageModeling
0x0000000052703000 	/usr/lib/libmarisa.dylib
0x0000000052703000 	/usr/lib/libChineseTokenizer.dylib
0x0000000052703000 	/usr/lib/libcmph.dylib
0x0000000052703000 	/System/Library/PrivateFrameworks/CoreEmoji.framework/Versions/A/CoreEmoji
0x0000000052703000 	/System/Library/Frameworks/ServiceManagement.framework/Versions/A/ServiceManagement
0x0000000052703000 	/usr/lib/libxslt.1.dylib
0x0000000052703000 	/System/Library/Frameworks/Carbon.framework/Versions/A/Frameworks/Ink.framework/Versions/A/Ink
0x0000000052703000 	/System/Library/PrivateFrameworks/TextureIO.framework/Versions/A/TextureIO
0x0000000052703000 	/System/Library/Frameworks/Metal.framework/Versions/A/Metal
0x0000000052703000 	/usr/lib/libate.dylib
0x0000000052703000 	/System/Library/PrivateFrameworks/GPUCompiler.framework/libmetal_timestamp.dylib
0x0000000052703000 	/System/Library/Frameworks/OpenGL.framework/Versions/A/Libraries/libCoreFSCache.dylib
0x0000000052703000 	/System/Library/PrivateFrameworks/IOAccelerator.framework/Versions/A/IOAccelerator
0x0000000052703000 	/System/Library/Frameworks/CoreVideo.framework/Versions/A/CoreVideo
0x0000000052703000 	/usr/lib/libFosl_dynamic.dylib
0x0000000052703000 	/System/Library/PrivateFrameworks/MetalPerformanceShaders.framework/Versions/A/MetalPerformanceShaders
0x0000000052703000 	/System/Library/PrivateFrameworks/FaceCore.framework/Versions/A/FaceCore
0x0000000052703000 	/System/Library/Frameworks/OpenCL.framework/Versions/A/OpenCL
0x0000000052703000 	/System/Library/Frameworks/OpenGL.framework/Versions/A/Libraries/libGLU.dylib
0x0000000052703000 	/System/Library/Frameworks/OpenGL.framework/Versions/A/Libraries/libGFXShared.dylib
0x0000000052703000 	/System/Library/Frameworks/OpenGL.framework/Versions/A/Libraries/libGL.dylib
0x0000000052703000 	/System/Library/Frameworks/OpenGL.framework/Versions/A/Libraries/libGLImage.dylib
0x0000000052703000 	/System/Library/Frameworks/OpenGL.framework/Versions/A/Libraries/libCVMSPluginSupport.dylib
0x0000000052703000 	/System/Library/Frameworks/OpenGL.framework/Versions/A/Libraries/libCoreVMClient.dylib
0x0000000052703000 	/System/Library/PrivateFrameworks/CrashReporterSupport.framework/Versions/A/CrashReporterSupport
0x0000000052703000 	/System/Library/PrivateFrameworks/Sharing.framework/Versions/A/Sharing
0x0000000052703000 	/System/Library/PrivateFrameworks/IconServices.framework/Versions/A/IconServices
0x0000000052703000 	/System/Library/PrivateFrameworks/ProtocolBuffer.framework/Versions/A/ProtocolBuffer
0x0000000052703000 	/System/Library/PrivateFrameworks/Apple80211.framework/Versions/A/Apple80211
0x0000000052703000 	/System/Library/Frameworks/CoreWLAN.framework/Versions/A/CoreWLAN
0x0000000052703000 	/System/Library/PrivateFrameworks/CoreUtils.framework/Versions/A/CoreUtils
0x0000000052703000 	/System/Library/Frameworks/IOBluetooth.framework/Versions/A/IOBluetooth
0x0000000052703000 	/System/Library/PrivateFrameworks/CoreWiFi.framework/Versions/A/CoreWiFi
0x0000000052703000 	/System/Library/Frameworks/CoreBluetooth.framework/Versions/A/CoreBluetooth
0x0000000052703000 	/System/Library/Frameworks/CoreDisplay.framework/Versions/A/CoreDisplay
0x0000000052703000 	/System/Library/PrivateFrameworks/IOPresentment.framework/Versions/A/IOPresentment
0x0000000052703000 	/System/Library/PrivateFrameworks/DebugSymbols.framework/Versions/A/DebugSymbols
0x0000000052703000 	/System/Library/PrivateFrameworks/CoreSymbolication.framework/Versions/A/CoreSymbolication
0x0000000052703000 	/System/Library/PrivateFrameworks/Symbolication.framework/Versions/A/Symbolication
0x0000000052703000 	/System/Library/PrivateFrameworks/AppleFSCompression.framework/Versions/A/AppleFSCompression
0x0000000052703000 	/System/Library/PrivateFrameworks/SpeechRecognitionCore.framework/Versions/A/SpeechRecognitionCore
0x0000000052703000 	/System/Library/PrivateFrameworks/ChunkingLibrary.framework/Versions/A/ChunkingLibrary
0x00000001044cc000 	/Library/Java/JavaVirtualMachines/jdk1.7.0_80.jdk/Contents/Home/jre/lib/server/libjvm.dylib
0x0000000052703000 	/usr/lib/libstdc++.6.dylib
0x0000000104f31000 	/Library/Java/JavaVirtualMachines/jdk1.7.0_80.jdk/Contents/Home/jre/lib/libverify.dylib
0x0000000104f3e000 	/Library/Java/JavaVirtualMachines/jdk1.7.0_80.jdk/Contents/Home/jre/lib/libjava.dylib
0x0000000104f78000 	/Library/Java/JavaVirtualMachines/jdk1.7.0_80.jdk/Contents/Home/jre/lib/libzip.dylib
0x0000000106acf000 	/System/Library/Frameworks/JavaVM.framework/Frameworks/JavaRuntimeSupport.framework/JavaRuntimeSupport
0x000000010e985000 	/System/Library/Frameworks/JavaVM.framework/Versions/A/Frameworks/JavaNativeFoundation.framework/Versions/A/JavaNativeFoundation
0x000000010e99a000 	/System/Library/Frameworks/JavaVM.framework/Versions/A/JavaVM
0x0000000052703000 	/System/Library/Frameworks/Carbon.framework/Versions/A/Carbon
0x000000010e9a7000 	/System/Library/PrivateFrameworks/JavaLaunching.framework/Versions/A/JavaLaunching
0x0000000052703000 	/System/Library/Frameworks/Carbon.framework/Versions/A/Frameworks/CommonPanels.framework/Versions/A/CommonPanels
0x0000000052703000 	/System/Library/Frameworks/Carbon.framework/Versions/A/Frameworks/Help.framework/Versions/A/Help
0x0000000052703000 	/System/Library/Frameworks/Carbon.framework/Versions/A/Frameworks/ImageCapture.framework/Versions/A/ImageCapture
0x0000000052703000 	/System/Library/Frameworks/Carbon.framework/Versions/A/Frameworks/OpenScripting.framework/Versions/A/OpenScripting
0x0000000052703000 	/System/Library/Frameworks/Carbon.framework/Versions/A/Frameworks/Print.framework/Versions/A/Print
0x0000000052703000 	/System/Library/Frameworks/Carbon.framework/Versions/A/Frameworks/SecurityHI.framework/Versions/A/SecurityHI
0x000000011032f000 	/Library/Java/JavaVirtualMachines/jdk1.7.0_80.jdk/Contents/Home/jre/lib/libsunec.dylib
0x0000000110435000 	/Library/Java/JavaVirtualMachines/jdk1.7.0_80.jdk/Contents/Home/jre/lib/libnio.dylib
0x0000000110444000 	/Library/Java/JavaVirtualMachines/jdk1.7.0_80.jdk/Contents/Home/jre/lib/./libnet.dylib

VM Arguments:
jvm_args: -Dapplication.home=/Library/Java/JavaVirtualMachines/jdk1.7.0_80.jdk/Contents/Home -Xms8m 
java_command: sun.security.tools.JarSigner -keystore /Users/Harlot/.local/share/Xamarin/Mono for Android/debug.keystore -storepass android -keypass android -digestalg SHA1 -sigalg md5withRSA -signedjar bin/Release//com.ewin.servipagmobile-Signed-Unaligned.apk /Users/Harlot/Projects/ServipagMobile/Droid/obj/Release/android/bin/com.ewin.servipagmobile.apk androiddebugkey
Launcher Type: SUN_STANDARD

Environment Variables:
PATH=/Library/Frameworks/Mono.framework/Commands:/Applications/Xamarin Studio.app/Contents/Resources:/Applications/Xamarin Studio.app/Contents/MacOS:/usr/bin:/bin:/usr/sbin:/sbin
SHELL=/bin/bash

Signal Handlers:
SIGSEGV: [libjvm.dylib+0x52e8c9], sa_mask[0]=0xfffefeff, sa_flags=0x00000043
SIGBUS: [libjvm.dylib+0x52e8c9], sa_mask[0]=0xfffefeff, sa_flags=0x00000042
SIGFPE: [libjvm.dylib+0x42022e], sa_mask[0]=0xfffefeff, sa_flags=0x00000042
SIGPIPE: [libjvm.dylib+0x42022e], sa_mask[0]=0xfffefeff, sa_flags=0x00000042
SIGXFSZ: [libjvm.dylib+0x42022e], sa_mask[0]=0xfffefeff, sa_flags=0x00000042
SIGILL: [libjvm.dylib+0x42022e], sa_mask[0]=0xfffefeff, sa_flags=0x00000042
SIGUSR1: SIG_DFL, sa_mask[0]=0x00000000, sa_flags=0x00000000
SIGUSR2: [libjvm.dylib+0x41fd20], sa_mask[0]=0x00000000, sa_flags=0x00000042
SIGHUP: [libjvm.dylib+0x41dfd5], sa_mask[0]=0xfffefeff, sa_flags=0x00000042
SIGINT: [libjvm.dylib+0x41dfd5], sa_mask[0]=0xfffefeff, sa_flags=0x00000042
SIGTERM: [libjvm.dylib+0x41dfd5], sa_mask[0]=0xfffefeff, sa_flags=0x00000042
SIGQUIT: [libjvm.dylib+0x41dfd5], sa_mask[0]=0xfffefeff, sa_flags=0x00000042


---------------  S Y S T E M  ---------------

OS:Bsduname:Darwin 16.1.0 Darwin Kernel Version 16.1.0: Wed Oct 19 20:31:56 PDT 2016; root:xnu-3789.21.4~4/RELEASE_X86_64 x86_64
rlimit: STACK 8192k, CORE 0k, NPROC 709, NOFILE 10240, AS infinity
load average:16.32 5.85 3.15

CPU:total 4 (2 cores per cpu, 2 threads per core) family 6 model 58 stepping 9, cmov, cx8, fxsr, mmx, sse, sse2, sse3, ssse3, sse4.1, sse4.2, popcnt, avx, aes, erms, ht, tsc, tscinvbit, tscinv

Memory: 4k page, physical 8388608k(2097152k free)

/proc/meminfo:


vm_info: Java HotSpot(TM) 64-Bit Server VM (24.80-b11) for bsd-amd64 JRE (1.7.0_80-b15), built on Apr 10 2015 11:25:43 by "java_re" with gcc 4.2.1 (Based on Apple Inc. build 5658) (LLVM build 2336.11.00)

time: Mon Nov 14 10:57:48 2016
elapsed time: 0 seconds

